[15:28:20] [Server thread/INFO]: Starting minecraft server version 1.12.2
[15:28:20] [Server thread/INFO]: Loading properties
[15:28:20] [Server thread/INFO]: Default game type: SURVIVAL
[15:28:21] [Server thread/INFO]: This server is running CraftBukkit version git-Spigot-79a30d7-f4830a1 (MC: 1.12.2) (Implementing API version 1.12.2-R0.1-SNAPSHOT)
[15:28:21] [Server thread/INFO]: Debug logging is disabled
[15:28:21] [Server thread/INFO]: Server Ping Player Sample Count: 12
[15:28:21] [Server thread/INFO]: Using 4 threads for Netty based IO
[15:28:21] [Server thread/INFO]: Generating keypair
[15:28:21] [Server thread/INFO]: Starting Minecraft server on *:25565
[15:28:21] [Server thread/INFO]: Using epoll channel type
[15:28:22] [Server thread/INFO]: **** Beginning UUID conversion, this may take A LONG time ****
[15:28:22] [Server thread/INFO]: Preparing level "world"
[15:28:22] [Server thread/INFO]: -------- World Settings For [world] --------
[15:28:22] [Server thread/INFO]: Cactus Growth Modifier: 100%
[15:28:22] [Server thread/INFO]: Cane Growth Modifier: 100%
[15:28:22] [Server thread/INFO]: Melon Growth Modifier: 100%
[15:28:22] [Server thread/INFO]: Mushroom Growth Modifier: 100%
[15:28:22] [Server thread/INFO]: Pumpkin Growth Modifier: 100%
[15:28:22] [Server thread/INFO]: Sapling Growth Modifier: 100%
[15:28:22] [Server thread/INFO]: Wheat Growth Modifier: 100%
[15:28:22] [Server thread/INFO]: NetherWart Growth Modifier: 100%
[15:28:22] [Server thread/INFO]: Vine Growth Modifier: 100%
[15:28:22] [Server thread/INFO]: Cocoa Growth Modifier: 100%
[15:28:22] [Server thread/INFO]: Entity Activation Range: An 32 / Mo 32 / Mi 16 / Tiv true
[15:28:22] [Server thread/INFO]: Entity Tracking Range: Pl 48 / An 48 / Mo 48 / Mi 32 / Other 64
[15:28:22] [Server thread/INFO]: Hopper Transfer: 8 Hopper Check: 1 Hopper Amount: 1
[15:28:22] [Server thread/INFO]: Mob Spawn Range: 4
[15:28:22] [Server thread/INFO]: Random Lighting Updates: false
[15:28:22] [Server thread/INFO]: Structure Info Saving: true
[15:28:22] [Server thread/INFO]: Custom Map Seeds:  Village: 10387312 Feature: 14357617 Monument: 10387313 Slime: 987234911
[15:28:22] [Server thread/INFO]: Max TNT Explosions: 100
[15:28:22] [Server thread/INFO]: Tile Max Tick Time: 50ms Entity max Tick Time: 50ms
[15:28:22] [Server thread/INFO]: Allow Zombie Pigmen to spawn from portal blocks: true
[15:28:22] [Server thread/INFO]: Item Despawn Rate: 6000
[15:28:22] [Server thread/INFO]: Item Merge Radius: 2.5
[15:28:22] [Server thread/INFO]: Arrow Despawn Rate: 1200
[15:28:22] [Server thread/INFO]: View Distance: 10
[15:28:22] [Server thread/INFO]: Nerfing mobs spawned from spawners: false
[15:28:22] [Server thread/INFO]: Experience Merge Radius: 3.0
[15:28:22] [Server thread/INFO]: Zombie Aggressive Towards Villager: true
[15:28:23] [Server thread/WARN]: Unable to find spawn biome
[15:28:24] [Server thread/INFO]: -------- World Settings For [world_nether] --------
[15:28:24] [Server thread/INFO]: Cactus Growth Modifier: 100%
[15:28:24] [Server thread/INFO]: Cane Growth Modifier: 100%
[15:28:24] [Server thread/INFO]: Melon Growth Modifier: 100%
[15:28:24] [Server thread/INFO]: Mushroom Growth Modifier: 100%
[15:28:24] [Server thread/INFO]: Pumpkin Growth Modifier: 100%
[15:28:24] [Server thread/INFO]: Sapling Growth Modifier: 100%
[15:28:24] [Server thread/INFO]: Wheat Growth Modifier: 100%
[15:28:24] [Server thread/INFO]: NetherWart Growth Modifier: 100%
[15:28:24] [Server thread/INFO]: Vine Growth Modifier: 100%
[15:28:24] [Server thread/INFO]: Cocoa Growth Modifier: 100%
[15:28:24] [Server thread/INFO]: Entity Activation Range: An 32 / Mo 32 / Mi 16 / Tiv true
[15:28:24] [Server thread/INFO]: Entity Tracking Range: Pl 48 / An 48 / Mo 48 / Mi 32 / Other 64
[15:28:24] [Server thread/INFO]: Hopper Transfer: 8 Hopper Check: 1 Hopper Amount: 1
[15:28:24] [Server thread/INFO]: Mob Spawn Range: 4
[15:28:24] [Server thread/INFO]: Random Lighting Updates: false
[15:28:24] [Server thread/INFO]: Structure Info Saving: true
[15:28:24] [Server thread/INFO]: Custom Map Seeds:  Village: 10387312 Feature: 14357617 Monument: 10387313 Slime: 987234911
[15:28:24] [Server thread/INFO]: Max TNT Explosions: 100
[15:28:24] [Server thread/INFO]: Tile Max Tick Time: 50ms Entity max Tick Time: 50ms
[15:28:24] [Server thread/INFO]: Allow Zombie Pigmen to spawn from portal blocks: true
[15:28:24] [Server thread/INFO]: Item Despawn Rate: 6000
[15:28:24] [Server thread/INFO]: Item Merge Radius: 2.5
[15:28:24] [Server thread/INFO]: Arrow Despawn Rate: 1200
[15:28:24] [Server thread/INFO]: View Distance: 10
[15:28:24] [Server thread/INFO]: Nerfing mobs spawned from spawners: false
[15:28:24] [Server thread/INFO]: Experience Merge Radius: 3.0
[15:28:24] [Server thread/INFO]: Zombie Aggressive Towards Villager: true
[15:28:24] [Server thread/INFO]: -------- World Settings For [world_the_end] --------
[15:28:24] [Server thread/INFO]: Cactus Growth Modifier: 100%
[15:28:24] [Server thread/INFO]: Cane Growth Modifier: 100%
[15:28:24] [Server thread/INFO]: Melon Growth Modifier: 100%
[15:28:24] [Server thread/INFO]: Mushroom Growth Modifier: 100%
[15:28:24] [Server thread/INFO]: Pumpkin Growth Modifier: 100%
[15:28:24] [Server thread/INFO]: Sapling Growth Modifier: 100%
[15:28:24] [Server thread/INFO]: Wheat Growth Modifier: 100%
[15:28:24] [Server thread/INFO]: NetherWart Growth Modifier: 100%
[15:28:24] [Server thread/INFO]: Vine Growth Modifier: 100%
[15:28:24] [Server thread/INFO]: Cocoa Growth Modifier: 100%
[15:28:24] [Server thread/INFO]: Entity Activation Range: An 32 / Mo 32 / Mi 16 / Tiv true
[15:28:24] [Server thread/INFO]: Entity Tracking Range: Pl 48 / An 48 / Mo 48 / Mi 32 / Other 64
[15:28:24] [Server thread/INFO]: Hopper Transfer: 8 Hopper Check: 1 Hopper Amount: 1
[15:28:24] [Server thread/INFO]: Mob Spawn Range: 4
[15:28:24] [Server thread/INFO]: Random Lighting Updates: false
[15:28:24] [Server thread/INFO]: Structure Info Saving: true
[15:28:24] [Server thread/INFO]: Custom Map Seeds:  Village: 10387312 Feature: 14357617 Monument: 10387313 Slime: 987234911
[15:28:24] [Server thread/INFO]: Max TNT Explosions: 100
[15:28:24] [Server thread/INFO]: Tile Max Tick Time: 50ms Entity max Tick Time: 50ms
[15:28:24] [Server thread/INFO]: Allow Zombie Pigmen to spawn from portal blocks: true
[15:28:24] [Server thread/INFO]: Item Despawn Rate: 6000
[15:28:24] [Server thread/INFO]: Item Merge Radius: 2.5
[15:28:24] [Server thread/INFO]: Arrow Despawn Rate: 1200
[15:28:24] [Server thread/INFO]: View Distance: 10
[15:28:24] [Server thread/INFO]: Nerfing mobs spawned from spawners: false
[15:28:24] [Server thread/INFO]: Experience Merge Radius: 3.0
[15:28:24] [Server thread/INFO]: Zombie Aggressive Towards Villager: true
[15:28:24] [Server thread/INFO]: Preparing start region for level 0 (Seed: 2741083476135175181)
[15:28:25] [Server thread/INFO]: Preparing spawn area: 4%
[15:28:26] [Server thread/INFO]: Preparing spawn area: 7%
[15:28:27] [Server thread/INFO]: Preparing spawn area: 9%
[15:28:28] [Server thread/INFO]: Preparing spawn area: 12%
[15:28:29] [Server thread/INFO]: Preparing spawn area: 15%
[15:28:30] [Server thread/INFO]: Preparing spawn area: 18%
[15:28:31] [Server thread/INFO]: Preparing spawn area: 23%
[15:28:32] [Server thread/INFO]: Preparing spawn area: 28%
[15:28:33] [Server thread/INFO]: Preparing spawn area: 34%
[15:28:34] [Server thread/INFO]: Preparing spawn area: 39%
[15:28:35] [Server thread/INFO]: Preparing spawn area: 44%
[15:28:36] [Server thread/INFO]: Preparing spawn area: 49%
[15:28:38] [Server thread/INFO]: Preparing spawn area: 55%
[15:28:39] [Server thread/INFO]: Preparing spawn area: 60%
[15:28:40] [Server thread/INFO]: Preparing spawn area: 65%
[15:28:41] [Server thread/INFO]: Preparing spawn area: 70%
[15:28:42] [Server thread/INFO]: Preparing spawn area: 74%
[15:28:43] [Server thread/INFO]: Preparing spawn area: 79%
[15:28:44] [Server thread/INFO]: Preparing spawn area: 84%
[15:28:45] [Server thread/INFO]: Preparing spawn area: 89%
[15:28:46] [Server thread/INFO]: Preparing spawn area: 96%
[15:28:46] [Server thread/INFO]: Preparing start region for level 1 (Seed: 2741083476135175181)
[15:28:47] [Server thread/INFO]: Preparing spawn area: 7%
[15:28:48] [Server thread/INFO]: Preparing spawn area: 11%
[15:28:49] [Server thread/INFO]: Preparing spawn area: 17%
[15:28:50] [Server thread/INFO]: Preparing spawn area: 29%
[15:28:51] [Server thread/INFO]: Preparing spawn area: 40%
[15:28:52] [Server thread/INFO]: Preparing spawn area: 52%
[15:28:53] [Server thread/INFO]: Preparing spawn area: 66%
[15:28:54] [Server thread/INFO]: Preparing spawn area: 77%
[15:28:55] [Server thread/INFO]: Preparing spawn area: 88%
[15:28:56] [Server thread/INFO]: Preparing spawn area: 99%
[15:28:57] [Server thread/INFO]: Preparing start region for level 2 (Seed: 2741083476135175181)
[15:28:58] [Server thread/INFO]: Preparing spawn area: 30%
[15:28:59] [Server thread/INFO]: Preparing spawn area: 57%
[15:29:00] [Server thread/INFO]: Preparing spawn area: 85%
[15:29:00] [Server thread/INFO]: Done (38.467s)! For help, type "help" or "?"
[15:29:49] [Server thread/INFO]: Usage: /op <player>
[15:30:01] [Server thread/INFO]: Stopping the server
[15:30:01] [Server thread/INFO]: Stopping server
[15:30:01] [Server thread/INFO]: Saving players
[15:30:01] [Server thread/INFO]: Saving worlds
[15:30:01] [Server thread/INFO]: Saving chunks for level 'world'/overworld
[15:30:02] [Server thread/INFO]: Saving chunks for level 'world_nether'/the_nether
[15:30:02] [Server thread/INFO]: Saving chunks for level 'world_the_end'/the_end
